<?xml version="1.0" encoding="UTF-8"?>
<testsuite name="io.turntabl.tcms.NumbersTest" tests="1" skipped="0" failures="0" errors="0" timestamp="2019-11-05T17:49:26" hostname="Aspire-V5-473" time="0.003">
  <properties/>
  <testcase name="testLessThanZero" classname="io.turntabl.tcms.NumbersTest" time="0.003"/>
  <system-out><![CDATA[]]></system-out>
  <system-err><![CDATA[]]></system-err>
</testsuite>
